Грамматика

    0 $accept: Program "end of file"

    1 Program: MainClassDeclaration

    2 MainClassDeclaration: "class" "identifier" "{" "public" "static" "void" "main" "(" ")" Scope "}"

    3 SimpleType: "int"
    4           | "boolean"

    5 Statements: %empty
    6           | Statements Statement

    7 Scope: "{" Statements "}"

    8 Statement: "assert" "(" Expression ")" ";"
    9          | LocalVarDeclaration
   10          | Scope
   11          | "System.out.println" "(" Expression ")" ";"
   12          | "identifier" "=" Expression ";"
   13          | "identifier" "[" Expression "]" "=" Expression ";"
   14          | "identifier" "=" "new" SimpleType "[" Expression "]" ";"

   15 LocalVarDeclaration: SimpleType "identifier" ";"
   16                    | SimpleType "[" "]" "identifier" ";"

   17 Expression: Expression "&&" Expression
   18           | Expression "||" Expression
   19           | Expression "<" Expression
   20           | Expression ">" Expression
   21           | Expression "==" Expression
   22           | Expression "+" Expression
   23           | Expression "-" Expression
   24           | Expression "*" Expression
   25           | Expression "/" Expression
   26           | Expression "%" Expression
   27           | "identifier" "[" Expression "]"
   28           | "identifier" "." "length"
   29           | "!" Expression
   30           | "(" Expression ")"
   31           | "identifier"
   32           | SignedNumber

   33 SignedNumber: "true"
   34             | "false"
   35             | "number"
   36             | "-" "number"


Терминальные символы с правилами, в которых они появляются

    "end of file" (0) 0
    error (256)
    "new" (258) 14
    "class" (259) 2
    "public" (260) 2
    "static" (261) 2
    "void" (262) 2
    "main" (263) 2
    "{" (264) 2 7
    "}" (265) 2 7
    ";" (266) 8 11 12 13 14 15 16
    "length" (267) 28
    "System.out.println" (268) 11
    "assert" (269) 8
    "int" (270) 3
    "boolean" (271) 4
    "[" (272) 13 14 16 27
    "]" (273) 13 14 16 27
    "=" (274) 12 13 14
    "!" (275) 29
    "&&" (276) 17
    "||" (277) 18
    "<" (278) 19
    ">" (279) 20
    "==" (280) 21
    "-" (281) 23 36
    "+" (282) 22
    "*" (283) 24
    "/" (284) 25
    "%" (285) 26
    "." (286) 28
    "(" (287) 2 8 11 30
    ")" (288) 2 8 11 30
    "true" (289) 33
    "false" (290) 34
    "identifier" <std::string> (291) 2 12 13 14 15 16 27 28 31
    "number" <int> (292) 35 36


Нетерминальные символы с правилами, в которых они появляются

    $accept (38)
        on left: 0
    SignedNumber <int> (39)
        on left: 33 34 35 36
        on right: 32
    Expression <int> (40)
        on left: 17 18 19 20 21 22 23 24 25 26 27 28 29 30 31 32
        on right: 8 11 12 13 14 17 18 19 20 21 22 23 24 25 26 27 29 30
    Program (41)
        on left: 1
        on right: 0
    MainClassDeclaration (42)
        on left: 2
        on right: 1
    SimpleType (43)
        on left: 3 4
        on right: 14 15 16
    Statements (44)
        on left: 5 6
        on right: 6 7
    Scope (45)
        on left: 7
        on right: 2 10
    Statement (46)
        on left: 8 9 10 11 12 13 14
        on right: 6
    LocalVarDeclaration (47)
        on left: 15 16
        on right: 9


Состояние 0

    0 $accept: . Program "end of file"
    1 Program: . MainClassDeclaration
    2 MainClassDeclaration: . "class" "identifier" "{" "public" "static" "void" "main" "(" ")" Scope "}"

    "class"  сдвиг, и переход в состояние 1

    Program               переход в состояние 2
    MainClassDeclaration  переход в состояние 3


Состояние 1

    2 MainClassDeclaration: "class" . "identifier" "{" "public" "static" "void" "main" "(" ")" Scope "}"

    "identifier"  сдвиг, и переход в состояние 4


Состояние 2

    0 $accept: Program . "end of file"

    "end of file"  сдвиг, и переход в состояние 5


Состояние 3

    1 Program: MainClassDeclaration .

    $default  вывод с использованием правила 1 (Program)


Состояние 4

    2 MainClassDeclaration: "class" "identifier" . "{" "public" "static" "void" "main" "(" ")" Scope "}"

    "{"  сдвиг, и переход в состояние 6


Состояние 5

    0 $accept: Program "end of file" .

    $default  принять


Состояние 6

    2 MainClassDeclaration: "class" "identifier" "{" . "public" "static" "void" "main" "(" ")" Scope "}"

    "public"  сдвиг, и переход в состояние 7


Состояние 7

    2 MainClassDeclaration: "class" "identifier" "{" "public" . "static" "void" "main" "(" ")" Scope "}"

    "static"  сдвиг, и переход в состояние 8


Состояние 8

    2 MainClassDeclaration: "class" "identifier" "{" "public" "static" . "void" "main" "(" ")" Scope "}"

    "void"  сдвиг, и переход в состояние 9


Состояние 9

    2 MainClassDeclaration: "class" "identifier" "{" "public" "static" "void" . "main" "(" ")" Scope "}"

    "main"  сдвиг, и переход в состояние 10


Состояние 10

    2 MainClassDeclaration: "class" "identifier" "{" "public" "static" "void" "main" . "(" ")" Scope "}"

    "("  сдвиг, и переход в состояние 11


Состояние 11

    2 MainClassDeclaration: "class" "identifier" "{" "public" "static" "void" "main" "(" . ")" Scope "}"

    ")"  сдвиг, и переход в состояние 12


Состояние 12

    2 MainClassDeclaration: "class" "identifier" "{" "public" "static" "void" "main" "(" ")" . Scope "}"
    7 Scope: . "{" Statements "}"

    "{"  сдвиг, и переход в состояние 13

    Scope  переход в состояние 14


Состояние 13

    5 Statements: . %empty
    6           | . Statements Statement
    7 Scope: "{" . Statements "}"

    $default  вывод с использованием правила 5 (Statements)

    Statements  переход в состояние 15


Состояние 14

    2 MainClassDeclaration: "class" "identifier" "{" "public" "static" "void" "main" "(" ")" Scope . "}"

    "}"  сдвиг, и переход в состояние 16


Состояние 15

    3 SimpleType: . "int"
    4           | . "boolean"
    6 Statements: Statements . Statement
    7 Scope: . "{" Statements "}"
    7      | "{" Statements . "}"
    8 Statement: . "assert" "(" Expression ")" ";"
    9          | . LocalVarDeclaration
   10          | . Scope
   11          | . "System.out.println" "(" Expression ")" ";"
   12          | . "identifier" "=" Expression ";"
   13          | . "identifier" "[" Expression "]" "=" Expression ";"
   14          | . "identifier" "=" "new" SimpleType "[" Expression "]" ";"
   15 LocalVarDeclaration: . SimpleType "identifier" ";"
   16                    | . SimpleType "[" "]" "identifier" ";"

    "{"                   сдвиг, и переход в состояние 13
    "}"                   сдвиг, и переход в состояние 17
    "System.out.println"  сдвиг, и переход в состояние 18
    "assert"              сдвиг, и переход в состояние 19
    "int"                 сдвиг, и переход в состояние 20
    "boolean"             сдвиг, и переход в состояние 21
    "identifier"          сдвиг, и переход в состояние 22

    SimpleType           переход в состояние 23
    Scope                переход в состояние 24
    Statement            переход в состояние 25
    LocalVarDeclaration  переход в состояние 26


Состояние 16

    2 MainClassDeclaration: "class" "identifier" "{" "public" "static" "void" "main" "(" ")" Scope "}" .

    $default  вывод с использованием правила 2 (MainClassDeclaration)


Состояние 17

    7 Scope: "{" Statements "}" .

    $default  вывод с использованием правила 7 (Scope)


Состояние 18

   11 Statement: "System.out.println" . "(" Expression ")" ";"

    "("  сдвиг, и переход в состояние 27


Состояние 19

    8 Statement: "assert" . "(" Expression ")" ";"

    "("  сдвиг, и переход в состояние 28


Состояние 20

    3 SimpleType: "int" .

    $default  вывод с использованием правила 3 (SimpleType)


Состояние 21

    4 SimpleType: "boolean" .

    $default  вывод с использованием правила 4 (SimpleType)


Состояние 22

   12 Statement: "identifier" . "=" Expression ";"
   13          | "identifier" . "[" Expression "]" "=" Expression ";"
   14          | "identifier" . "=" "new" SimpleType "[" Expression "]" ";"

    "["  сдвиг, и переход в состояние 29
    "="  сдвиг, и переход в состояние 30


Состояние 23

   15 LocalVarDeclaration: SimpleType . "identifier" ";"
   16                    | SimpleType . "[" "]" "identifier" ";"

    "["           сдвиг, и переход в состояние 31
    "identifier"  сдвиг, и переход в состояние 32


Состояние 24

   10 Statement: Scope .

    $default  вывод с использованием правила 10 (Statement)


Состояние 25

    6 Statements: Statements Statement .

    $default  вывод с использованием правила 6 (Statements)


Состояние 26

    9 Statement: LocalVarDeclaration .

    $default  вывод с использованием правила 9 (Statement)


Состояние 27

   11 Statement: "System.out.println" "(" . Expression ")" ";"
   17 Expression: . Expression "&&" Expression
   18           | . Expression "||" Expression
   19           | . Expression "<" Expression
   20           | . Expression ">" Expression
   21           | . Expression "==" Expression
   22           | . Expression "+" Expression
   23           | . Expression "-" Expression
   24           | . Expression "*" Expression
   25           | . Expression "/" Expression
   26           | . Expression "%" Expression
   27           | . "identifier" "[" Expression "]"
   28           | . "identifier" "." "length"
   29           | . "!" Expression
   30           | . "(" Expression ")"
   31           | . "identifier"
   32           | . SignedNumber
   33 SignedNumber: . "true"
   34             | . "false"
   35             | . "number"
   36             | . "-" "number"

    "!"           сдвиг, и переход в состояние 33
    "-"           сдвиг, и переход в состояние 34
    "("           сдвиг, и переход в состояние 35
    "true"        сдвиг, и переход в состояние 36
    "false"       сдвиг, и переход в состояние 37
    "identifier"  сдвиг, и переход в состояние 38
    "number"      сдвиг, и переход в состояние 39

    SignedNumber  переход в состояние 40
    Expression    переход в состояние 41


Состояние 28

    8 Statement: "assert" "(" . Expression ")" ";"
   17 Expression: . Expression "&&" Expression
   18           | . Expression "||" Expression
   19           | . Expression "<" Expression
   20           | . Expression ">" Expression
   21           | . Expression "==" Expression
   22           | . Expression "+" Expression
   23           | . Expression "-" Expression
   24           | . Expression "*" Expression
   25           | . Expression "/" Expression
   26           | . Expression "%" Expression
   27           | . "identifier" "[" Expression "]"
   28           | . "identifier" "." "length"
   29           | . "!" Expression
   30           | . "(" Expression ")"
   31           | . "identifier"
   32           | . SignedNumber
   33 SignedNumber: . "true"
   34             | . "false"
   35             | . "number"
   36             | . "-" "number"

    "!"           сдвиг, и переход в состояние 33
    "-"           сдвиг, и переход в состояние 34
    "("           сдвиг, и переход в состояние 35
    "true"        сдвиг, и переход в состояние 36
    "false"       сдвиг, и переход в состояние 37
    "identifier"  сдвиг, и переход в состояние 38
    "number"      сдвиг, и переход в состояние 39

    SignedNumber  переход в состояние 40
    Expression    переход в состояние 42


Состояние 29

   13 Statement: "identifier" "[" . Expression "]" "=" Expression ";"
   17 Expression: . Expression "&&" Expression
   18           | . Expression "||" Expression
   19           | . Expression "<" Expression
   20           | . Expression ">" Expression
   21           | . Expression "==" Expression
   22           | . Expression "+" Expression
   23           | . Expression "-" Expression
   24           | . Expression "*" Expression
   25           | . Expression "/" Expression
   26           | . Expression "%" Expression
   27           | . "identifier" "[" Expression "]"
   28           | . "identifier" "." "length"
   29           | . "!" Expression
   30           | . "(" Expression ")"
   31           | . "identifier"
   32           | . SignedNumber
   33 SignedNumber: . "true"
   34             | . "false"
   35             | . "number"
   36             | . "-" "number"

    "!"           сдвиг, и переход в состояние 33
    "-"           сдвиг, и переход в состояние 34
    "("           сдвиг, и переход в состояние 35
    "true"        сдвиг, и переход в состояние 36
    "false"       сдвиг, и переход в состояние 37
    "identifier"  сдвиг, и переход в состояние 38
    "number"      сдвиг, и переход в состояние 39

    SignedNumber  переход в состояние 40
    Expression    переход в состояние 43


Состояние 30

   12 Statement: "identifier" "=" . Expression ";"
   14          | "identifier" "=" . "new" SimpleType "[" Expression "]" ";"
   17 Expression: . Expression "&&" Expression
   18           | . Expression "||" Expression
   19           | . Expression "<" Expression
   20           | . Expression ">" Expression
   21           | . Expression "==" Expression
   22           | . Expression "+" Expression
   23           | . Expression "-" Expression
   24           | . Expression "*" Expression
   25           | . Expression "/" Expression
   26           | . Expression "%" Expression
   27           | . "identifier" "[" Expression "]"
   28           | . "identifier" "." "length"
   29           | . "!" Expression
   30           | . "(" Expression ")"
   31           | . "identifier"
   32           | . SignedNumber
   33 SignedNumber: . "true"
   34             | . "false"
   35             | . "number"
   36             | . "-" "number"

    "new"         сдвиг, и переход в состояние 44
    "!"           сдвиг, и переход в состояние 33
    "-"           сдвиг, и переход в состояние 34
    "("           сдвиг, и переход в состояние 35
    "true"        сдвиг, и переход в состояние 36
    "false"       сдвиг, и переход в состояние 37
    "identifier"  сдвиг, и переход в состояние 38
    "number"      сдвиг, и переход в состояние 39

    SignedNumber  переход в состояние 40
    Expression    переход в состояние 45


Состояние 31

   16 LocalVarDeclaration: SimpleType "[" . "]" "identifier" ";"

    "]"  сдвиг, и переход в состояние 46


Состояние 32

   15 LocalVarDeclaration: SimpleType "identifier" . ";"

    ";"  сдвиг, и переход в состояние 47


Состояние 33

   17 Expression: . Expression "&&" Expression
   18           | . Expression "||" Expression
   19           | . Expression "<" Expression
   20           | . Expression ">" Expression
   21           | . Expression "==" Expression
   22           | . Expression "+" Expression
   23           | . Expression "-" Expression
   24           | . Expression "*" Expression
   25           | . Expression "/" Expression
   26           | . Expression "%" Expression
   27           | . "identifier" "[" Expression "]"
   28           | . "identifier" "." "length"
   29           | . "!" Expression
   29           | "!" . Expression
   30           | . "(" Expression ")"
   31           | . "identifier"
   32           | . SignedNumber
   33 SignedNumber: . "true"
   34             | . "false"
   35             | . "number"
   36             | . "-" "number"

    "!"           сдвиг, и переход в состояние 33
    "-"           сдвиг, и переход в состояние 34
    "("           сдвиг, и переход в состояние 35
    "true"        сдвиг, и переход в состояние 36
    "false"       сдвиг, и переход в состояние 37
    "identifier"  сдвиг, и переход в состояние 38
    "number"      сдвиг, и переход в состояние 39

    SignedNumber  переход в состояние 40
    Expression    переход в состояние 48


Состояние 34

   36 SignedNumber: "-" . "number"

    "number"  сдвиг, и переход в состояние 49


Состояние 35

   17 Expression: . Expression "&&" Expression
   18           | . Expression "||" Expression
   19           | . Expression "<" Expression
   20           | . Expression ">" Expression
   21           | . Expression "==" Expression
   22           | . Expression "+" Expression
   23           | . Expression "-" Expression
   24           | . Expression "*" Expression
   25           | . Expression "/" Expression
   26           | . Expression "%" Expression
   27           | . "identifier" "[" Expression "]"
   28           | . "identifier" "." "length"
   29           | . "!" Expression
   30           | . "(" Expression ")"
   30           | "(" . Expression ")"
   31           | . "identifier"
   32           | . SignedNumber
   33 SignedNumber: . "true"
   34             | . "false"
   35             | . "number"
   36             | . "-" "number"

    "!"           сдвиг, и переход в состояние 33
    "-"           сдвиг, и переход в состояние 34
    "("           сдвиг, и переход в состояние 35
    "true"        сдвиг, и переход в состояние 36
    "false"       сдвиг, и переход в состояние 37
    "identifier"  сдвиг, и переход в состояние 38
    "number"      сдвиг, и переход в состояние 39

    SignedNumber  переход в состояние 40
    Expression    переход в состояние 50


Состояние 36

   33 SignedNumber: "true" .

    $default  вывод с использованием правила 33 (SignedNumber)


Состояние 37

   34 SignedNumber: "false" .

    $default  вывод с использованием правила 34 (SignedNumber)


Состояние 38

   27 Expression: "identifier" . "[" Expression "]"
   28           | "identifier" . "." "length"
   31           | "identifier" .  [";", "]", "&&", "||", "<", ">", "==", "-", "+", "*", "/", "%", ")"]

    "["  сдвиг, и переход в состояние 51
    "."  сдвиг, и переход в состояние 52

    $default  вывод с использованием правила 31 (Expression)


Состояние 39

   35 SignedNumber: "number" .

    $default  вывод с использованием правила 35 (SignedNumber)


Состояние 40

   32 Expression: SignedNumber .

    $default  вывод с использованием правила 32 (Expression)


Состояние 41

   11 Statement: "System.out.println" "(" Expression . ")" ";"
   17 Expression: Expression . "&&" Expression
   18           | Expression . "||" Expression
   19           | Expression . "<" Expression
   20           | Expression . ">" Expression
   21           | Expression . "==" Expression
   22           | Expression . "+" Expression
   23           | Expression . "-" Expression
   24           | Expression . "*" Expression
   25           | Expression . "/" Expression
   26           | Expression . "%" Expression

    "&&"  сдвиг, и переход в состояние 53
    "||"  сдвиг, и переход в состояние 54
    "<"   сдвиг, и переход в состояние 55
    ">"   сдвиг, и переход в состояние 56
    "=="  сдвиг, и переход в состояние 57
    "-"   сдвиг, и переход в состояние 58
    "+"   сдвиг, и переход в состояние 59
    "*"   сдвиг, и переход в состояние 60
    "/"   сдвиг, и переход в состояние 61
    "%"   сдвиг, и переход в состояние 62
    ")"   сдвиг, и переход в состояние 63


Состояние 42

    8 Statement: "assert" "(" Expression . ")" ";"
   17 Expression: Expression . "&&" Expression
   18           | Expression . "||" Expression
   19           | Expression . "<" Expression
   20           | Expression . ">" Expression
   21           | Expression . "==" Expression
   22           | Expression . "+" Expression
   23           | Expression . "-" Expression
   24           | Expression . "*" Expression
   25           | Expression . "/" Expression
   26           | Expression . "%" Expression

    "&&"  сдвиг, и переход в состояние 53
    "||"  сдвиг, и переход в состояние 54
    "<"   сдвиг, и переход в состояние 55
    ">"   сдвиг, и переход в состояние 56
    "=="  сдвиг, и переход в состояние 57
    "-"   сдвиг, и переход в состояние 58
    "+"   сдвиг, и переход в состояние 59
    "*"   сдвиг, и переход в состояние 60
    "/"   сдвиг, и переход в состояние 61
    "%"   сдвиг, и переход в состояние 62
    ")"   сдвиг, и переход в состояние 64


Состояние 43

   13 Statement: "identifier" "[" Expression . "]" "=" Expression ";"
   17 Expression: Expression . "&&" Expression
   18           | Expression . "||" Expression
   19           | Expression . "<" Expression
   20           | Expression . ">" Expression
   21           | Expression . "==" Expression
   22           | Expression . "+" Expression
   23           | Expression . "-" Expression
   24           | Expression . "*" Expression
   25           | Expression . "/" Expression
   26           | Expression . "%" Expression

    "]"   сдвиг, и переход в состояние 65
    "&&"  сдвиг, и переход в состояние 53
    "||"  сдвиг, и переход в состояние 54
    "<"   сдвиг, и переход в состояние 55
    ">"   сдвиг, и переход в состояние 56
    "=="  сдвиг, и переход в состояние 57
    "-"   сдвиг, и переход в состояние 58
    "+"   сдвиг, и переход в состояние 59
    "*"   сдвиг, и переход в состояние 60
    "/"   сдвиг, и переход в состояние 61
    "%"   сдвиг, и переход в состояние 62


Состояние 44

    3 SimpleType: . "int"
    4           | . "boolean"
   14 Statement: "identifier" "=" "new" . SimpleType "[" Expression "]" ";"

    "int"      сдвиг, и переход в состояние 20
    "boolean"  сдвиг, и переход в состояние 21

    SimpleType  переход в состояние 66


Состояние 45

   12 Statement: "identifier" "=" Expression . ";"
   17 Expression: Expression . "&&" Expression
   18           | Expression . "||" Expression
   19           | Expression . "<" Expression
   20           | Expression . ">" Expression
   21           | Expression . "==" Expression
   22           | Expression . "+" Expression
   23           | Expression . "-" Expression
   24           | Expression . "*" Expression
   25           | Expression . "/" Expression
   26           | Expression . "%" Expression

    ";"   сдвиг, и переход в состояние 67
    "&&"  сдвиг, и переход в состояние 53
    "||"  сдвиг, и переход в состояние 54
    "<"   сдвиг, и переход в состояние 55
    ">"   сдвиг, и переход в состояние 56
    "=="  сдвиг, и переход в состояние 57
    "-"   сдвиг, и переход в состояние 58
    "+"   сдвиг, и переход в состояние 59
    "*"   сдвиг, и переход в состояние 60
    "/"   сдвиг, и переход в состояние 61
    "%"   сдвиг, и переход в состояние 62


Состояние 46

   16 LocalVarDeclaration: SimpleType "[" "]" . "identifier" ";"

    "identifier"  сдвиг, и переход в состояние 68


Состояние 47

   15 LocalVarDeclaration: SimpleType "identifier" ";" .

    $default  вывод с использованием правила 15 (LocalVarDeclaration)


Состояние 48

   17 Expression: Expression . "&&" Expression
   18           | Expression . "||" Expression
   19           | Expression . "<" Expression
   20           | Expression . ">" Expression
   21           | Expression . "==" Expression
   22           | Expression . "+" Expression
   23           | Expression . "-" Expression
   24           | Expression . "*" Expression
   25           | Expression . "/" Expression
   26           | Expression . "%" Expression
   29           | "!" Expression .  [";", "]", "&&", "||", "<", ">", "==", "-", "+", "*", "/", "%", ")"]

    $default  вывод с использованием правила 29 (Expression)

    Conflict between rule 29 and token "&&" resolved as reduce ("&&" < "!").
    Conflict between rule 29 and token "||" resolved as reduce ("||" < "!").
    Conflict between rule 29 and token "<" resolved as reduce ("<" < "!").
    Conflict between rule 29 and token ">" resolved as reduce (">" < "!").
    Conflict between rule 29 and token "==" resolved as reduce ("==" < "!").
    Conflict between rule 29 and token "-" resolved as reduce ("-" < "!").
    Conflict between rule 29 and token "+" resolved as reduce ("+" < "!").
    Conflict between rule 29 and token "*" resolved as reduce ("*" < "!").
    Conflict between rule 29 and token "/" resolved as reduce ("/" < "!").
    Conflict between rule 29 and token "%" resolved as reduce ("%" < "!").


Состояние 49

   36 SignedNumber: "-" "number" .

    $default  вывод с использованием правила 36 (SignedNumber)


Состояние 50

   17 Expression: Expression . "&&" Expression
   18           | Expression . "||" Expression
   19           | Expression . "<" Expression
   20           | Expression . ">" Expression
   21           | Expression . "==" Expression
   22           | Expression . "+" Expression
   23           | Expression . "-" Expression
   24           | Expression . "*" Expression
   25           | Expression . "/" Expression
   26           | Expression . "%" Expression
   30           | "(" Expression . ")"

    "&&"  сдвиг, и переход в состояние 53
    "||"  сдвиг, и переход в состояние 54
    "<"   сдвиг, и переход в состояние 55
    ">"   сдвиг, и переход в состояние 56
    "=="  сдвиг, и переход в состояние 57
    "-"   сдвиг, и переход в состояние 58
    "+"   сдвиг, и переход в состояние 59
    "*"   сдвиг, и переход в состояние 60
    "/"   сдвиг, и переход в состояние 61
    "%"   сдвиг, и переход в состояние 62
    ")"   сдвиг, и переход в состояние 69


Состояние 51

   17 Expression: . Expression "&&" Expression
   18           | . Expression "||" Expression
   19           | . Expression "<" Expression
   20           | . Expression ">" Expression
   21           | . Expression "==" Expression
   22           | . Expression "+" Expression
   23           | . Expression "-" Expression
   24           | . Expression "*" Expression
   25           | . Expression "/" Expression
   26           | . Expression "%" Expression
   27           | . "identifier" "[" Expression "]"
   27           | "identifier" "[" . Expression "]"
   28           | . "identifier" "." "length"
   29           | . "!" Expression
   30           | . "(" Expression ")"
   31           | . "identifier"
   32           | . SignedNumber
   33 SignedNumber: . "true"
   34             | . "false"
   35             | . "number"
   36             | . "-" "number"

    "!"           сдвиг, и переход в состояние 33
    "-"           сдвиг, и переход в состояние 34
    "("           сдвиг, и переход в состояние 35
    "true"        сдвиг, и переход в состояние 36
    "false"       сдвиг, и переход в состояние 37
    "identifier"  сдвиг, и переход в состояние 38
    "number"      сдвиг, и переход в состояние 39

    SignedNumber  переход в состояние 40
    Expression    переход в состояние 70


Состояние 52

   28 Expression: "identifier" "." . "length"

    "length"  сдвиг, и переход в состояние 71


Состояние 53

   17 Expression: . Expression "&&" Expression
   17           | Expression "&&" . Expression
   18           | . Expression "||" Expression
   19           | . Expression "<" Expression
   20           | . Expression ">" Expression
   21           | . Expression "==" Expression
   22           | . Expression "+" Expression
   23           | . Expression "-" Expression
   24           | . Expression "*" Expression
   25           | . Expression "/" Expression
   26           | . Expression "%" Expression
   27           | . "identifier" "[" Expression "]"
   28           | . "identifier" "." "length"
   29           | . "!" Expression
   30           | . "(" Expression ")"
   31           | . "identifier"
   32           | . SignedNumber
   33 SignedNumber: . "true"
   34             | . "false"
   35             | . "number"
   36             | . "-" "number"

    "!"           сдвиг, и переход в состояние 33
    "-"           сдвиг, и переход в состояние 34
    "("           сдвиг, и переход в состояние 35
    "true"        сдвиг, и переход в состояние 36
    "false"       сдвиг, и переход в состояние 37
    "identifier"  сдвиг, и переход в состояние 38
    "number"      сдвиг, и переход в состояние 39

    SignedNumber  переход в состояние 40
    Expression    переход в состояние 72


Состояние 54

   17 Expression: . Expression "&&" Expression
   18           | . Expression "||" Expression
   18           | Expression "||" . Expression
   19           | . Expression "<" Expression
   20           | . Expression ">" Expression
   21           | . Expression "==" Expression
   22           | . Expression "+" Expression
   23           | . Expression "-" Expression
   24           | . Expression "*" Expression
   25           | . Expression "/" Expression
   26           | . Expression "%" Expression
   27           | . "identifier" "[" Expression "]"
   28           | . "identifier" "." "length"
   29           | . "!" Expression
   30           | . "(" Expression ")"
   31           | . "identifier"
   32           | . SignedNumber
   33 SignedNumber: . "true"
   34             | . "false"
   35             | . "number"
   36             | . "-" "number"

    "!"           сдвиг, и переход в состояние 33
    "-"           сдвиг, и переход в состояние 34
    "("           сдвиг, и переход в состояние 35
    "true"        сдвиг, и переход в состояние 36
    "false"       сдвиг, и переход в состояние 37
    "identifier"  сдвиг, и переход в состояние 38
    "number"      сдвиг, и переход в состояние 39

    SignedNumber  переход в состояние 40
    Expression    переход в состояние 73


Состояние 55

   17 Expression: . Expression "&&" Expression
   18           | . Expression "||" Expression
   19           | . Expression "<" Expression
   19           | Expression "<" . Expression
   20           | . Expression ">" Expression
   21           | . Expression "==" Expression
   22           | . Expression "+" Expression
   23           | . Expression "-" Expression
   24           | . Expression "*" Expression
   25           | . Expression "/" Expression
   26           | . Expression "%" Expression
   27           | . "identifier" "[" Expression "]"
   28           | . "identifier" "." "length"
   29           | . "!" Expression
   30           | . "(" Expression ")"
   31           | . "identifier"
   32           | . SignedNumber
   33 SignedNumber: . "true"
   34             | . "false"
   35             | . "number"
   36             | . "-" "number"

    "!"           сдвиг, и переход в состояние 33
    "-"           сдвиг, и переход в состояние 34
    "("           сдвиг, и переход в состояние 35
    "true"        сдвиг, и переход в состояние 36
    "false"       сдвиг, и переход в состояние 37
    "identifier"  сдвиг, и переход в состояние 38
    "number"      сдвиг, и переход в состояние 39

    SignedNumber  переход в состояние 40
    Expression    переход в состояние 74


Состояние 56

   17 Expression: . Expression "&&" Expression
   18           | . Expression "||" Expression
   19           | . Expression "<" Expression
   20           | . Expression ">" Expression
   20           | Expression ">" . Expression
   21           | . Expression "==" Expression
   22           | . Expression "+" Expression
   23           | . Expression "-" Expression
   24           | . Expression "*" Expression
   25           | . Expression "/" Expression
   26           | . Expression "%" Expression
   27           | . "identifier" "[" Expression "]"
   28           | . "identifier" "." "length"
   29           | . "!" Expression
   30           | . "(" Expression ")"
   31           | . "identifier"
   32           | . SignedNumber
   33 SignedNumber: . "true"
   34             | . "false"
   35             | . "number"
   36             | . "-" "number"

    "!"           сдвиг, и переход в состояние 33
    "-"           сдвиг, и переход в состояние 34
    "("           сдвиг, и переход в состояние 35
    "true"        сдвиг, и переход в состояние 36
    "false"       сдвиг, и переход в состояние 37
    "identifier"  сдвиг, и переход в состояние 38
    "number"      сдвиг, и переход в состояние 39

    SignedNumber  переход в состояние 40
    Expression    переход в состояние 75


Состояние 57

   17 Expression: . Expression "&&" Expression
   18           | . Expression "||" Expression
   19           | . Expression "<" Expression
   20           | . Expression ">" Expression
   21           | . Expression "==" Expression
   21           | Expression "==" . Expression
   22           | . Expression "+" Expression
   23           | . Expression "-" Expression
   24           | . Expression "*" Expression
   25           | . Expression "/" Expression
   26           | . Expression "%" Expression
   27           | . "identifier" "[" Expression "]"
   28           | . "identifier" "." "length"
   29           | . "!" Expression
   30           | . "(" Expression ")"
   31           | . "identifier"
   32           | . SignedNumber
   33 SignedNumber: . "true"
   34             | . "false"
   35             | . "number"
   36             | . "-" "number"

    "!"           сдвиг, и переход в состояние 33
    "-"           сдвиг, и переход в состояние 34
    "("           сдвиг, и переход в состояние 35
    "true"        сдвиг, и переход в состояние 36
    "false"       сдвиг, и переход в состояние 37
    "identifier"  сдвиг, и переход в состояние 38
    "number"      сдвиг, и переход в состояние 39

    SignedNumber  переход в состояние 40
    Expression    переход в состояние 76


Состояние 58

   17 Expression: . Expression "&&" Expression
   18           | . Expression "||" Expression
   19           | . Expression "<" Expression
   20           | . Expression ">" Expression
   21           | . Expression "==" Expression
   22           | . Expression "+" Expression
   23           | . Expression "-" Expression
   23           | Expression "-" . Expression
   24           | . Expression "*" Expression
   25           | . Expression "/" Expression
   26           | . Expression "%" Expression
   27           | . "identifier" "[" Expression "]"
   28           | . "identifier" "." "length"
   29           | . "!" Expression
   30           | . "(" Expression ")"
   31           | . "identifier"
   32           | . SignedNumber
   33 SignedNumber: . "true"
   34             | . "false"
   35             | . "number"
   36             | . "-" "number"

    "!"           сдвиг, и переход в состояние 33
    "-"           сдвиг, и переход в состояние 34
    "("           сдвиг, и переход в состояние 35
    "true"        сдвиг, и переход в состояние 36
    "false"       сдвиг, и переход в состояние 37
    "identifier"  сдвиг, и переход в состояние 38
    "number"      сдвиг, и переход в состояние 39

    SignedNumber  переход в состояние 40
    Expression    переход в состояние 77


Состояние 59

   17 Expression: . Expression "&&" Expression
   18           | . Expression "||" Expression
   19           | . Expression "<" Expression
   20           | . Expression ">" Expression
   21           | . Expression "==" Expression
   22           | . Expression "+" Expression
   22           | Expression "+" . Expression
   23           | . Expression "-" Expression
   24           | . Expression "*" Expression
   25           | . Expression "/" Expression
   26           | . Expression "%" Expression
   27           | . "identifier" "[" Expression "]"
   28           | . "identifier" "." "length"
   29           | . "!" Expression
   30           | . "(" Expression ")"
   31           | . "identifier"
   32           | . SignedNumber
   33 SignedNumber: . "true"
   34             | . "false"
   35             | . "number"
   36             | . "-" "number"

    "!"           сдвиг, и переход в состояние 33
    "-"           сдвиг, и переход в состояние 34
    "("           сдвиг, и переход в состояние 35
    "true"        сдвиг, и переход в состояние 36
    "false"       сдвиг, и переход в состояние 37
    "identifier"  сдвиг, и переход в состояние 38
    "number"      сдвиг, и переход в состояние 39

    SignedNumber  переход в состояние 40
    Expression    переход в состояние 78


Состояние 60

   17 Expression: . Expression "&&" Expression
   18           | . Expression "||" Expression
   19           | . Expression "<" Expression
   20           | . Expression ">" Expression
   21           | . Expression "==" Expression
   22           | . Expression "+" Expression
   23           | . Expression "-" Expression
   24           | . Expression "*" Expression
   24           | Expression "*" . Expression
   25           | . Expression "/" Expression
   26           | . Expression "%" Expression
   27           | . "identifier" "[" Expression "]"
   28           | . "identifier" "." "length"
   29           | . "!" Expression
   30           | . "(" Expression ")"
   31           | . "identifier"
   32           | . SignedNumber
   33 SignedNumber: . "true"
   34             | . "false"
   35             | . "number"
   36             | . "-" "number"

    "!"           сдвиг, и переход в состояние 33
    "-"           сдвиг, и переход в состояние 34
    "("           сдвиг, и переход в состояние 35
    "true"        сдвиг, и переход в состояние 36
    "false"       сдвиг, и переход в состояние 37
    "identifier"  сдвиг, и переход в состояние 38
    "number"      сдвиг, и переход в состояние 39

    SignedNumber  переход в состояние 40
    Expression    переход в состояние 79


Состояние 61

   17 Expression: . Expression "&&" Expression
   18           | . Expression "||" Expression
   19           | . Expression "<" Expression
   20           | . Expression ">" Expression
   21           | . Expression "==" Expression
   22           | . Expression "+" Expression
   23           | . Expression "-" Expression
   24           | . Expression "*" Expression
   25           | . Expression "/" Expression
   25           | Expression "/" . Expression
   26           | . Expression "%" Expression
   27           | . "identifier" "[" Expression "]"
   28           | . "identifier" "." "length"
   29           | . "!" Expression
   30           | . "(" Expression ")"
   31           | . "identifier"
   32           | . SignedNumber
   33 SignedNumber: . "true"
   34             | . "false"
   35             | . "number"
   36             | . "-" "number"

    "!"           сдвиг, и переход в состояние 33
    "-"           сдвиг, и переход в состояние 34
    "("           сдвиг, и переход в состояние 35
    "true"        сдвиг, и переход в состояние 36
    "false"       сдвиг, и переход в состояние 37
    "identifier"  сдвиг, и переход в состояние 38
    "number"      сдвиг, и переход в состояние 39

    SignedNumber  переход в состояние 40
    Expression    переход в состояние 80


Состояние 62

   17 Expression: . Expression "&&" Expression
   18           | . Expression "||" Expression
   19           | . Expression "<" Expression
   20           | . Expression ">" Expression
   21           | . Expression "==" Expression
   22           | . Expression "+" Expression
   23           | . Expression "-" Expression
   24           | . Expression "*" Expression
   25           | . Expression "/" Expression
   26           | . Expression "%" Expression
   26           | Expression "%" . Expression
   27           | . "identifier" "[" Expression "]"
   28           | . "identifier" "." "length"
   29           | . "!" Expression
   30           | . "(" Expression ")"
   31           | . "identifier"
   32           | . SignedNumber
   33 SignedNumber: . "true"
   34             | . "false"
   35             | . "number"
   36             | . "-" "number"

    "!"           сдвиг, и переход в состояние 33
    "-"           сдвиг, и переход в состояние 34
    "("           сдвиг, и переход в состояние 35
    "true"        сдвиг, и переход в состояние 36
    "false"       сдвиг, и переход в состояние 37
    "identifier"  сдвиг, и переход в состояние 38
    "number"      сдвиг, и переход в состояние 39

    SignedNumber  переход в состояние 40
    Expression    переход в состояние 81


Состояние 63

   11 Statement: "System.out.println" "(" Expression ")" . ";"

    ";"  сдвиг, и переход в состояние 82


Состояние 64

    8 Statement: "assert" "(" Expression ")" . ";"

    ";"  сдвиг, и переход в состояние 83


Состояние 65

   13 Statement: "identifier" "[" Expression "]" . "=" Expression ";"

    "="  сдвиг, и переход в состояние 84


Состояние 66

   14 Statement: "identifier" "=" "new" SimpleType . "[" Expression "]" ";"

    "["  сдвиг, и переход в состояние 85


Состояние 67

   12 Statement: "identifier" "=" Expression ";" .

    $default  вывод с использованием правила 12 (Statement)


Состояние 68

   16 LocalVarDeclaration: SimpleType "[" "]" "identifier" . ";"

    ";"  сдвиг, и переход в состояние 86


Состояние 69

   30 Expression: "(" Expression ")" .

    $default  вывод с использованием правила 30 (Expression)


Состояние 70

   17 Expression: Expression . "&&" Expression
   18           | Expression . "||" Expression
   19           | Expression . "<" Expression
   20           | Expression . ">" Expression
   21           | Expression . "==" Expression
   22           | Expression . "+" Expression
   23           | Expression . "-" Expression
   24           | Expression . "*" Expression
   25           | Expression . "/" Expression
   26           | Expression . "%" Expression
   27           | "identifier" "[" Expression . "]"

    "]"   сдвиг, и переход в состояние 87
    "&&"  сдвиг, и переход в состояние 53
    "||"  сдвиг, и переход в состояние 54
    "<"   сдвиг, и переход в состояние 55
    ">"   сдвиг, и переход в состояние 56
    "=="  сдвиг, и переход в состояние 57
    "-"   сдвиг, и переход в состояние 58
    "+"   сдвиг, и переход в состояние 59
    "*"   сдвиг, и переход в состояние 60
    "/"   сдвиг, и переход в состояние 61
    "%"   сдвиг, и переход в состояние 62


Состояние 71

   28 Expression: "identifier" "." "length" .

    $default  вывод с использованием правила 28 (Expression)


Состояние 72

   17 Expression: Expression . "&&" Expression
   17           | Expression "&&" Expression .  [";", "]", "&&", "||", "<", ">", "==", ")"]
   18           | Expression . "||" Expression
   19           | Expression . "<" Expression
   20           | Expression . ">" Expression
   21           | Expression . "==" Expression
   22           | Expression . "+" Expression
   23           | Expression . "-" Expression
   24           | Expression . "*" Expression
   25           | Expression . "/" Expression
   26           | Expression . "%" Expression

    "-"  сдвиг, и переход в состояние 58
    "+"  сдвиг, и переход в состояние 59
    "*"  сдвиг, и переход в состояние 60
    "/"  сдвиг, и переход в состояние 61
    "%"  сдвиг, и переход в состояние 62

    $default  вывод с использованием правила 17 (Expression)

    Conflict between rule 17 and token "&&" resolved as reduce (%left "&&").
    Conflict between rule 17 and token "||" resolved as reduce (%left "||").
    Conflict between rule 17 and token "<" resolved as reduce (%left "<").
    Conflict between rule 17 and token ">" resolved as reduce (%left ">").
    Conflict between rule 17 and token "==" resolved as reduce (%left "==").
    Conflict between rule 17 and token "-" resolved as shift ("&&" < "-").
    Conflict between rule 17 and token "+" resolved as shift ("&&" < "+").
    Conflict between rule 17 and token "*" resolved as shift ("&&" < "*").
    Conflict between rule 17 and token "/" resolved as shift ("&&" < "/").
    Conflict between rule 17 and token "%" resolved as shift ("&&" < "%").


Состояние 73

   17 Expression: Expression . "&&" Expression
   18           | Expression . "||" Expression
   18           | Expression "||" Expression .  [";", "]", "&&", "||", "<", ">", "==", ")"]
   19           | Expression . "<" Expression
   20           | Expression . ">" Expression
   21           | Expression . "==" Expression
   22           | Expression . "+" Expression
   23           | Expression . "-" Expression
   24           | Expression . "*" Expression
   25           | Expression . "/" Expression
   26           | Expression . "%" Expression

    "-"  сдвиг, и переход в состояние 58
    "+"  сдвиг, и переход в состояние 59
    "*"  сдвиг, и переход в состояние 60
    "/"  сдвиг, и переход в состояние 61
    "%"  сдвиг, и переход в состояние 62

    $default  вывод с использованием правила 18 (Expression)

    Conflict between rule 18 and token "&&" resolved as reduce (%left "&&").
    Conflict between rule 18 and token "||" resolved as reduce (%left "||").
    Conflict between rule 18 and token "<" resolved as reduce (%left "<").
    Conflict between rule 18 and token ">" resolved as reduce (%left ">").
    Conflict between rule 18 and token "==" resolved as reduce (%left "==").
    Conflict between rule 18 and token "-" resolved as shift ("||" < "-").
    Conflict between rule 18 and token "+" resolved as shift ("||" < "+").
    Conflict between rule 18 and token "*" resolved as shift ("||" < "*").
    Conflict between rule 18 and token "/" resolved as shift ("||" < "/").
    Conflict between rule 18 and token "%" resolved as shift ("||" < "%").


Состояние 74

   17 Expression: Expression . "&&" Expression
   18           | Expression . "||" Expression
   19           | Expression . "<" Expression
   19           | Expression "<" Expression .  [";", "]", "&&", "||", "<", ">", "==", ")"]
   20           | Expression . ">" Expression
   21           | Expression . "==" Expression
   22           | Expression . "+" Expression
   23           | Expression . "-" Expression
   24           | Expression . "*" Expression
   25           | Expression . "/" Expression
   26           | Expression . "%" Expression

    "-"  сдвиг, и переход в состояние 58
    "+"  сдвиг, и переход в состояние 59
    "*"  сдвиг, и переход в состояние 60
    "/"  сдвиг, и переход в состояние 61
    "%"  сдвиг, и переход в состояние 62

    $default  вывод с использованием правила 19 (Expression)

    Conflict between rule 19 and token "&&" resolved as reduce (%left "&&").
    Conflict between rule 19 and token "||" resolved as reduce (%left "||").
    Conflict between rule 19 and token "<" resolved as reduce (%left "<").
    Conflict between rule 19 and token ">" resolved as reduce (%left ">").
    Conflict between rule 19 and token "==" resolved as reduce (%left "==").
    Conflict between rule 19 and token "-" resolved as shift ("<" < "-").
    Conflict between rule 19 and token "+" resolved as shift ("<" < "+").
    Conflict between rule 19 and token "*" resolved as shift ("<" < "*").
    Conflict between rule 19 and token "/" resolved as shift ("<" < "/").
    Conflict between rule 19 and token "%" resolved as shift ("<" < "%").


Состояние 75

   17 Expression: Expression . "&&" Expression
   18           | Expression . "||" Expression
   19           | Expression . "<" Expression
   20           | Expression . ">" Expression
   20           | Expression ">" Expression .  [";", "]", "&&", "||", "<", ">", "==", ")"]
   21           | Expression . "==" Expression
   22           | Expression . "+" Expression
   23           | Expression . "-" Expression
   24           | Expression . "*" Expression
   25           | Expression . "/" Expression
   26           | Expression . "%" Expression

    "-"  сдвиг, и переход в состояние 58
    "+"  сдвиг, и переход в состояние 59
    "*"  сдвиг, и переход в состояние 60
    "/"  сдвиг, и переход в состояние 61
    "%"  сдвиг, и переход в состояние 62

    $default  вывод с использованием правила 20 (Expression)

    Conflict between rule 20 and token "&&" resolved as reduce (%left "&&").
    Conflict between rule 20 and token "||" resolved as reduce (%left "||").
    Conflict between rule 20 and token "<" resolved as reduce (%left "<").
    Conflict between rule 20 and token ">" resolved as reduce (%left ">").
    Conflict between rule 20 and token "==" resolved as reduce (%left "==").
    Conflict between rule 20 and token "-" resolved as shift (">" < "-").
    Conflict between rule 20 and token "+" resolved as shift (">" < "+").
    Conflict between rule 20 and token "*" resolved as shift (">" < "*").
    Conflict between rule 20 and token "/" resolved as shift (">" < "/").
    Conflict between rule 20 and token "%" resolved as shift (">" < "%").


Состояние 76

   17 Expression: Expression . "&&" Expression
   18           | Expression . "||" Expression
   19           | Expression . "<" Expression
   20           | Expression . ">" Expression
   21           | Expression . "==" Expression
   21           | Expression "==" Expression .  [";", "]", "&&", "||", "<", ">", "==", ")"]
   22           | Expression . "+" Expression
   23           | Expression . "-" Expression
   24           | Expression . "*" Expression
   25           | Expression . "/" Expression
   26           | Expression . "%" Expression

    "-"  сдвиг, и переход в состояние 58
    "+"  сдвиг, и переход в состояние 59
    "*"  сдвиг, и переход в состояние 60
    "/"  сдвиг, и переход в состояние 61
    "%"  сдвиг, и переход в состояние 62

    $default  вывод с использованием правила 21 (Expression)

    Conflict between rule 21 and token "&&" resolved as reduce (%left "&&").
    Conflict between rule 21 and token "||" resolved as reduce (%left "||").
    Conflict between rule 21 and token "<" resolved as reduce (%left "<").
    Conflict between rule 21 and token ">" resolved as reduce (%left ">").
    Conflict between rule 21 and token "==" resolved as reduce (%left "==").
    Conflict between rule 21 and token "-" resolved as shift ("==" < "-").
    Conflict between rule 21 and token "+" resolved as shift ("==" < "+").
    Conflict between rule 21 and token "*" resolved as shift ("==" < "*").
    Conflict between rule 21 and token "/" resolved as shift ("==" < "/").
    Conflict between rule 21 and token "%" resolved as shift ("==" < "%").


Состояние 77

   17 Expression: Expression . "&&" Expression
   18           | Expression . "||" Expression
   19           | Expression . "<" Expression
   20           | Expression . ">" Expression
   21           | Expression . "==" Expression
   22           | Expression . "+" Expression
   23           | Expression . "-" Expression
   23           | Expression "-" Expression .  [";", "]", "&&", "||", "<", ">", "==", "-", "+", ")"]
   24           | Expression . "*" Expression
   25           | Expression . "/" Expression
   26           | Expression . "%" Expression

    "*"  сдвиг, и переход в состояние 60
    "/"  сдвиг, и переход в состояние 61
    "%"  сдвиг, и переход в состояние 62

    $default  вывод с использованием правила 23 (Expression)

    Conflict between rule 23 and token "&&" resolved as reduce ("&&" < "-").
    Conflict between rule 23 and token "||" resolved as reduce ("||" < "-").
    Conflict between rule 23 and token "<" resolved as reduce ("<" < "-").
    Conflict between rule 23 and token ">" resolved as reduce (">" < "-").
    Conflict between rule 23 and token "==" resolved as reduce ("==" < "-").
    Conflict between rule 23 and token "-" resolved as reduce (%left "-").
    Conflict between rule 23 and token "+" resolved as reduce (%left "+").
    Conflict between rule 23 and token "*" resolved as shift ("-" < "*").
    Conflict between rule 23 and token "/" resolved as shift ("-" < "/").
    Conflict between rule 23 and token "%" resolved as shift ("-" < "%").


Состояние 78

   17 Expression: Expression . "&&" Expression
   18           | Expression . "||" Expression
   19           | Expression . "<" Expression
   20           | Expression . ">" Expression
   21           | Expression . "==" Expression
   22           | Expression . "+" Expression
   22           | Expression "+" Expression .  [";", "]", "&&", "||", "<", ">", "==", "-", "+", ")"]
   23           | Expression . "-" Expression
   24           | Expression . "*" Expression
   25           | Expression . "/" Expression
   26           | Expression . "%" Expression

    "*"  сдвиг, и переход в состояние 60
    "/"  сдвиг, и переход в состояние 61
    "%"  сдвиг, и переход в состояние 62

    $default  вывод с использованием правила 22 (Expression)

    Conflict between rule 22 and token "&&" resolved as reduce ("&&" < "+").
    Conflict between rule 22 and token "||" resolved as reduce ("||" < "+").
    Conflict between rule 22 and token "<" resolved as reduce ("<" < "+").
    Conflict between rule 22 and token ">" resolved as reduce (">" < "+").
    Conflict between rule 22 and token "==" resolved as reduce ("==" < "+").
    Conflict between rule 22 and token "-" resolved as reduce (%left "-").
    Conflict between rule 22 and token "+" resolved as reduce (%left "+").
    Conflict between rule 22 and token "*" resolved as shift ("+" < "*").
    Conflict between rule 22 and token "/" resolved as shift ("+" < "/").
    Conflict between rule 22 and token "%" resolved as shift ("+" < "%").


Состояние 79

   17 Expression: Expression . "&&" Expression
   18           | Expression . "||" Expression
   19           | Expression . "<" Expression
   20           | Expression . ">" Expression
   21           | Expression . "==" Expression
   22           | Expression . "+" Expression
   23           | Expression . "-" Expression
   24           | Expression . "*" Expression
   24           | Expression "*" Expression .  [";", "]", "&&", "||", "<", ">", "==", "-", "+", "*", "/", "%", ")"]
   25           | Expression . "/" Expression
   26           | Expression . "%" Expression

    $default  вывод с использованием правила 24 (Expression)

    Conflict between rule 24 and token "&&" resolved as reduce ("&&" < "*").
    Conflict between rule 24 and token "||" resolved as reduce ("||" < "*").
    Conflict between rule 24 and token "<" resolved as reduce ("<" < "*").
    Conflict between rule 24 and token ">" resolved as reduce (">" < "*").
    Conflict between rule 24 and token "==" resolved as reduce ("==" < "*").
    Conflict between rule 24 and token "-" resolved as reduce ("-" < "*").
    Conflict between rule 24 and token "+" resolved as reduce ("+" < "*").
    Conflict between rule 24 and token "*" resolved as reduce (%left "*").
    Conflict between rule 24 and token "/" resolved as reduce (%left "/").
    Conflict between rule 24 and token "%" resolved as reduce (%left "%").


Состояние 80

   17 Expression: Expression . "&&" Expression
   18           | Expression . "||" Expression
   19           | Expression . "<" Expression
   20           | Expression . ">" Expression
   21           | Expression . "==" Expression
   22           | Expression . "+" Expression
   23           | Expression . "-" Expression
   24           | Expression . "*" Expression
   25           | Expression . "/" Expression
   25           | Expression "/" Expression .  [";", "]", "&&", "||", "<", ">", "==", "-", "+", "*", "/", "%", ")"]
   26           | Expression . "%" Expression

    $default  вывод с использованием правила 25 (Expression)

    Conflict between rule 25 and token "&&" resolved as reduce ("&&" < "/").
    Conflict between rule 25 and token "||" resolved as reduce ("||" < "/").
    Conflict between rule 25 and token "<" resolved as reduce ("<" < "/").
    Conflict between rule 25 and token ">" resolved as reduce (">" < "/").
    Conflict between rule 25 and token "==" resolved as reduce ("==" < "/").
    Conflict between rule 25 and token "-" resolved as reduce ("-" < "/").
    Conflict between rule 25 and token "+" resolved as reduce ("+" < "/").
    Conflict between rule 25 and token "*" resolved as reduce (%left "*").
    Conflict between rule 25 and token "/" resolved as reduce (%left "/").
    Conflict between rule 25 and token "%" resolved as reduce (%left "%").


Состояние 81

   17 Expression: Expression . "&&" Expression
   18           | Expression . "||" Expression
   19           | Expression . "<" Expression
   20           | Expression . ">" Expression
   21           | Expression . "==" Expression
   22           | Expression . "+" Expression
   23           | Expression . "-" Expression
   24           | Expression . "*" Expression
   25           | Expression . "/" Expression
   26           | Expression . "%" Expression
   26           | Expression "%" Expression .  [";", "]", "&&", "||", "<", ">", "==", "-", "+", "*", "/", "%", ")"]

    $default  вывод с использованием правила 26 (Expression)

    Conflict between rule 26 and token "&&" resolved as reduce ("&&" < "%").
    Conflict between rule 26 and token "||" resolved as reduce ("||" < "%").
    Conflict between rule 26 and token "<" resolved as reduce ("<" < "%").
    Conflict between rule 26 and token ">" resolved as reduce (">" < "%").
    Conflict between rule 26 and token "==" resolved as reduce ("==" < "%").
    Conflict between rule 26 and token "-" resolved as reduce ("-" < "%").
    Conflict between rule 26 and token "+" resolved as reduce ("+" < "%").
    Conflict between rule 26 and token "*" resolved as reduce (%left "*").
    Conflict between rule 26 and token "/" resolved as reduce (%left "/").
    Conflict between rule 26 and token "%" resolved as reduce (%left "%").


Состояние 82

   11 Statement: "System.out.println" "(" Expression ")" ";" .

    $default  вывод с использованием правила 11 (Statement)


Состояние 83

    8 Statement: "assert" "(" Expression ")" ";" .

    $default  вывод с использованием правила 8 (Statement)


Состояние 84

   13 Statement: "identifier" "[" Expression "]" "=" . Expression ";"
   17 Expression: . Expression "&&" Expression
   18           | . Expression "||" Expression
   19           | . Expression "<" Expression
   20           | . Expression ">" Expression
   21           | . Expression "==" Expression
   22           | . Expression "+" Expression
   23           | . Expression "-" Expression
   24           | . Expression "*" Expression
   25           | . Expression "/" Expression
   26           | . Expression "%" Expression
   27           | . "identifier" "[" Expression "]"
   28           | . "identifier" "." "length"
   29           | . "!" Expression
   30           | . "(" Expression ")"
   31           | . "identifier"
   32           | . SignedNumber
   33 SignedNumber: . "true"
   34             | . "false"
   35             | . "number"
   36             | . "-" "number"

    "!"           сдвиг, и переход в состояние 33
    "-"           сдвиг, и переход в состояние 34
    "("           сдвиг, и переход в состояние 35
    "true"        сдвиг, и переход в состояние 36
    "false"       сдвиг, и переход в состояние 37
    "identifier"  сдвиг, и переход в состояние 38
    "number"      сдвиг, и переход в состояние 39

    SignedNumber  переход в состояние 40
    Expression    переход в состояние 88


Состояние 85

   14 Statement: "identifier" "=" "new" SimpleType "[" . Expression "]" ";"
   17 Expression: . Expression "&&" Expression
   18           | . Expression "||" Expression
   19           | . Expression "<" Expression
   20           | . Expression ">" Expression
   21           | . Expression "==" Expression
   22           | . Expression "+" Expression
   23           | . Expression "-" Expression
   24           | . Expression "*" Expression
   25           | . Expression "/" Expression
   26           | . Expression "%" Expression
   27           | . "identifier" "[" Expression "]"
   28           | . "identifier" "." "length"
   29           | . "!" Expression
   30           | . "(" Expression ")"
   31           | . "identifier"
   32           | . SignedNumber
   33 SignedNumber: . "true"
   34             | . "false"
   35             | . "number"
   36             | . "-" "number"

    "!"           сдвиг, и переход в состояние 33
    "-"           сдвиг, и переход в состояние 34
    "("           сдвиг, и переход в состояние 35
    "true"        сдвиг, и переход в состояние 36
    "false"       сдвиг, и переход в состояние 37
    "identifier"  сдвиг, и переход в состояние 38
    "number"      сдвиг, и переход в состояние 39

    SignedNumber  переход в состояние 40
    Expression    переход в состояние 89


Состояние 86

   16 LocalVarDeclaration: SimpleType "[" "]" "identifier" ";" .

    $default  вывод с использованием правила 16 (LocalVarDeclaration)


Состояние 87

   27 Expression: "identifier" "[" Expression "]" .

    $default  вывод с использованием правила 27 (Expression)


Состояние 88

   13 Statement: "identifier" "[" Expression "]" "=" Expression . ";"
   17 Expression: Expression . "&&" Expression
   18           | Expression . "||" Expression
   19           | Expression . "<" Expression
   20           | Expression . ">" Expression
   21           | Expression . "==" Expression
   22           | Expression . "+" Expression
   23           | Expression . "-" Expression
   24           | Expression . "*" Expression
   25           | Expression . "/" Expression
   26           | Expression . "%" Expression

    ";"   сдвиг, и переход в состояние 90
    "&&"  сдвиг, и переход в состояние 53
    "||"  сдвиг, и переход в состояние 54
    "<"   сдвиг, и переход в состояние 55
    ">"   сдвиг, и переход в состояние 56
    "=="  сдвиг, и переход в состояние 57
    "-"   сдвиг, и переход в состояние 58
    "+"   сдвиг, и переход в состояние 59
    "*"   сдвиг, и переход в состояние 60
    "/"   сдвиг, и переход в состояние 61
    "%"   сдвиг, и переход в состояние 62


Состояние 89

   14 Statement: "identifier" "=" "new" SimpleType "[" Expression . "]" ";"
   17 Expression: Expression . "&&" Expression
   18           | Expression . "||" Expression
   19           | Expression . "<" Expression
   20           | Expression . ">" Expression
   21           | Expression . "==" Expression
   22           | Expression . "+" Expression
   23           | Expression . "-" Expression
   24           | Expression . "*" Expression
   25           | Expression . "/" Expression
   26           | Expression . "%" Expression

    "]"   сдвиг, и переход в состояние 91
    "&&"  сдвиг, и переход в состояние 53
    "||"  сдвиг, и переход в состояние 54
    "<"   сдвиг, и переход в состояние 55
    ">"   сдвиг, и переход в состояние 56
    "=="  сдвиг, и переход в состояние 57
    "-"   сдвиг, и переход в состояние 58
    "+"   сдвиг, и переход в состояние 59
    "*"   сдвиг, и переход в состояние 60
    "/"   сдвиг, и переход в состояние 61
    "%"   сдвиг, и переход в состояние 62


Состояние 90

   13 Statement: "identifier" "[" Expression "]" "=" Expression ";" .

    $default  вывод с использованием правила 13 (Statement)


Состояние 91

   14 Statement: "identifier" "=" "new" SimpleType "[" Expression "]" . ";"

    ";"  сдвиг, и переход в состояние 92


Состояние 92

   14 Statement: "identifier" "=" "new" SimpleType "[" Expression "]" ";" .

    $default  вывод с использованием правила 14 (Statement)
